<?xml version="1.0" ?>
<testsuites disabled="0" errors="0" failures="0" tests="2" time="1.0881">
	<testsuite disabled="0" errors="0" failures="0" name="FileChecks" skipped="0" tests="1" time="0.0451">
		<testcase name="FileCheck: DesktopNotificationCenter" time="0.045100"/>
	</testsuite>
	<testsuite disabled="0" errors="0" failures="0" name="ProcessChecks" skipped="0" tests="1" time="1.043">
		<testcase name="ProcessCheck: ApplicationControl" time="1.043000"/>
	</testsuite>
</testsuites>
