<?xml version="1.0" ?>
<testsuites disabled="0" errors="0" failures="1" tests="2" time="0.0903">
	<testsuite disabled="0" errors="0" failures="1" name="DirectorITG2" skipped="0" tests="2" time="0.0903">
		<testcase name="FileCheck: DesktopNotificationCenter" time="0.045100">
			<failure message="Invalid File 'DNC.exe'." type="failure"/>
		</testcase>
		<testcase name="FileCheck: PropertyServer" time="0.045200"/>
	</testsuite>
</testsuites>
